<?xml version="1.0" encoding="UTF-8"?>
<beans xmlns="http://www.springframework.org/schema/beans"
       xmlns:xsi="http://www.w3.org/2001/XMLSchema-instance"
       xsi:schemaLocation="http://www.springframework.org/schema/beans http://www.springframework.org/schema/beans/spring-beans.xsd">
<!--    connectionMaker() 메소드를 <bean>태그로 전환 -->
    <bean id="connectionMaker" class="springbook.user.dao.DConnectionMaker"/>
<!--    userDao() 메소드를 전환-->
    <bean id="userDao" class="springbook.user.dao.UserDao">
<!--        <property name="connectionMaker" ref="connectionMaker"/>-->
<!--        name: DI에 사용할 수정자 메소드의 프로퍼티 이름, ref: 주입할 오브젝트를 정의한 빈의 DI -->
        <property name="dataSource" ref="dataSource"/>
    </bean>
<!--    dataSource 방법 빈 등록-->
    <bean id="dataSource" class="org.springframework.jdbc.datasource.SimpleDriverDataSource">
        <property name="driverClass" value="com.mysql.cj.jdbc.Driver"/>
        <property name="url" value="jdbc:mysql://localhost:3306/testdb"/>
        <property name="username" value="root"/>
        <property name="password" value="mariadb"/>
    </bean>
</beans>
